                   :-) GROMACS - gmx mdrun, VERSION 5.1.4 (-:

                            GROMACS is written by:
     Emile Apol      Rossen Apostolov  Herman J.C. Berendsen    Par Bjelkmar   
 Aldert van Buuren   Rudi van Drunen     Anton Feenstra   Sebastian Fritsch 
  Gerrit Groenhof   Christoph Junghans   Anca Hamuraru    Vincent Hindriksen
 Dimitrios Karkoulis    Peter Kasson        Jiri Kraus      Carsten Kutzner  
    Per Larsson      Justin A. Lemkul   Magnus Lundborg   Pieter Meulenhoff 
   Erik Marklund      Teemu Murtola       Szilard Pall       Sander Pronk   
   Roland Schulz     Alexey Shvetsov     Michael Shirts     Alfons Sijbers  
   Peter Tieleman    Teemu Virolainen  Christian Wennberg    Maarten Wolf   
                           and the project leaders:
        Mark Abraham, Berk Hess, Erik Lindahl, and David van der Spoel

Copyright (c) 1991-2000, University of Groningen, The Netherlands.
Copyright (c) 2001-2015, The GROMACS development team at
Uppsala University, Stockholm University and
the Royal Institute of Technology, Sweden.
check out http://www.gromacs.org for more information.

GROMACS is free software; you can redistribute it and/or modify it
under the terms of the GNU Lesser General Public License
as published by the Free Software Foundation; either version 2.1
of the License, or (at your option) any later version.

GROMACS:      gmx mdrun, VERSION 5.1.4
Executable:   /usr/local/gromacs-5.1.4/bin/gmx
Data prefix:  /usr/local/gromacs-5.1.4
Command line:
  gmx mdrun -nt 1 -deffnm pull -v


Running on 1 node with total 6 cores, 12 logical cores, 1 compatible GPU
Hardware detected:
  CPU info:
    Vendor: GenuineIntel
    Brand:  Intel(R) Xeon(R) CPU E5-1650 v3 @ 3.50GHz
    SIMD instructions most likely to fit this hardware: AVX2_256
    SIMD instructions selected at GROMACS compile time: AVX2_256
  GPU info:
    Number of GPUs detected: 1
    #0: NVIDIA GeForce GTX 960, compute cap.: 5.2, ECC:  no, stat: compatible

Reading file pull.tpr, VERSION 5.1.4 (single precision)
Changing nstlist from 20 to 40, rlist from 1.127 to 1.201

Using 1 MPI thread
Using 1 OpenMP thread 

1 compatible GPU is present, with ID 0
1 GPU auto-selected for this run.
Mapping of GPU ID to the 1 PP rank in this node: 0

starting mdrun 'Hexadecane_W partitioning'
1000 steps,     10.0 ps.
step 0step 100, remaining wall clock time:     0 s          step 200, remaining wall clock time:     0 s          step 300, remaining wall clock time:     0 s          step 400, remaining wall clock time:     0 s          step 500, remaining wall clock time:     0 s          step 600, remaining wall clock time:     0 s          step 700, remaining wall clock time:     0 s          step 800, remaining wall clock time:     0 s          step 900, remaining wall clock time:     0 s          
Writing final coordinates.
step 1000, remaining wall clock time:     0 s          
               Core t (s)   Wall t (s)        (%)
       Time:        0.293        0.301       97.5
                 (ns/day)    (hour/ns)
Performance:     2875.164        0.008

gcq#313: "Put Me Inside SSC, Let's Test Superstring Theory, Oh Yoi Yoi Accelerate the Protons" (Gogol Bordello)

