Log file opened on Mon Oct 16 17:28:37 2017
Host: md92  pid: 5112  rank ID: 0  number of ranks:  1
                   :-) GROMACS - gmx mdrun, VERSION 5.1.4 (-:

                            GROMACS is written by:
     Emile Apol      Rossen Apostolov  Herman J.C. Berendsen    Par Bjelkmar   
 Aldert van Buuren   Rudi van Drunen     Anton Feenstra   Sebastian Fritsch 
  Gerrit Groenhof   Christoph Junghans   Anca Hamuraru    Vincent Hindriksen
 Dimitrios Karkoulis    Peter Kasson        Jiri Kraus      Carsten Kutzner  
    Per Larsson      Justin A. Lemkul   Magnus Lundborg   Pieter Meulenhoff 
   Erik Marklund      Teemu Murtola       Szilard Pall       Sander Pronk   
   Roland Schulz     Alexey Shvetsov     Michael Shirts     Alfons Sijbers  
   Peter Tieleman    Teemu Virolainen  Christian Wennberg    Maarten Wolf   
                           and the project leaders:
        Mark Abraham, Berk Hess, Erik Lindahl, and David van der Spoel

Copyright (c) 1991-2000, University of Groningen, The Netherlands.
Copyright (c) 2001-2015, The GROMACS development team at
Uppsala University, Stockholm University and
the Royal Institute of Technology, Sweden.
check out http://www.gromacs.org for more information.

GROMACS is free software; you can redistribute it and/or modify it
under the terms of the GNU Lesser General Public License
as published by the Free Software Foundation; either version 2.1
of the License, or (at your option) any later version.

GROMACS:      gmx mdrun, VERSION 5.1.4
Executable:   /usr/local/gromacs-5.1.4/bin/gmx
Data prefix:  /usr/local/gromacs-5.1.4
Command line:
  gmx mdrun -nt 1 -deffnm eq -v -px eq_x -pf eq_f

GROMACS version:    VERSION 5.1.4
Precision:          single
Memory model:       64 bit
MPI library:        thread_mpi
OpenMP support:     enabled (GMX_OPENMP_MAX_THREADS = 32)
GPU support:        enabled
OpenCL support:     disabled
invsqrt routine:    gmx_software_invsqrt(x)
SIMD instructions:  AVX2_256
FFT library:        fftw-3.3.4-sse2-avx
RDTSCP usage:       enabled
C++11 compilation:  disabled
TNG support:        enabled
Tracing support:    disabled
Built on:           ma 23 jan 2017 16:05:59 CET
Built by:           root@md92 [CMAKE]
Build OS/arch:      Linux 4.4.0-31-generic x86_64
Build CPU vendor:   GenuineIntel
Build CPU brand:    Intel(R) Xeon(R) CPU E5-1650 v3 @ 3.50GHz
Build CPU family:   6   Model: 63   Stepping: 2
Build CPU features: aes apic avx avx2 clfsh cmov cx8 cx16 f16c fma htt lahf_lm mmx msr nonstop_tsc pcid pclmuldq pdcm pdpe1gb popcnt pse rdrnd rdtscp sse2 sse3 sse4.1 sse4.2 ssse3 tdt x2apic
C compiler:         /usr/bin/cc GNU 5.4.0
C compiler flags:    -march=core-avx2    -Wextra -Wno-missing-field-initializers -Wno-sign-compare -Wpointer-arith -Wall -Wno-unused -Wunused-value -Wunused-parameter  -O3 -DNDEBUG -funroll-all-loops -fexcess-precision=fast  -Wno-array-bounds 
C++ compiler:       /usr/bin/c++ GNU 5.4.0
C++ compiler flags:  -march=core-avx2    -Wextra -Wno-missing-field-initializers -Wpointer-arith -Wall -Wno-unused-function  -O3 -DNDEBUG -funroll-all-loops -fexcess-precision=fast  -Wno-array-bounds 
Boost version:      1.58.0 (external)
CUDA compiler:      /usr/local/cuda/bin/nvcc nvcc: NVIDIA (R) Cuda compiler driver;Copyright (c) 2005-2016 NVIDIA Corporation;Built on Sun_Sep__4_22:14:01_CDT_2016;Cuda compilation tools, release 8.0, V8.0.44
CUDA compiler flags:-gencode;arch=compute_20,code=sm_20;-gencode;arch=compute_30,code=sm_30;-gencode;arch=compute_35,code=sm_35;-gencode;arch=compute_37,code=sm_37;-gencode;arch=compute_50,code=sm_50;-gencode;arch=compute_52,code=sm_52;-gencode;arch=compute_60,code=sm_60;-gencode;arch=compute_61,code=sm_61;-gencode;arch=compute_60,code=compute_60;-gencode;arch=compute_61,code=compute_61;-use_fast_math;-D_FORCE_INLINES; ;-march=core-avx2;-Wextra;-Wno-missing-field-initializers;-Wpointer-arith;-Wall;-Wno-unused-function;-O3;-DNDEBUG;-funroll-all-loops;-fexcess-precision=fast;-Wno-array-bounds;
CUDA driver:        8.0
CUDA runtime:       8.0


Running on 1 node with total 6 cores, 12 logical cores, 1 compatible GPU
Hardware detected:
  CPU info:
    Vendor: GenuineIntel
    Brand:  Intel(R) Xeon(R) CPU E5-1650 v3 @ 3.50GHz
    Family:  6  model: 63  stepping:  2
    CPU features: aes apic avx avx2 clfsh cmov cx8 cx16 f16c fma htt lahf_lm mmx msr nonstop_tsc pcid pclmuldq pdcm pdpe1gb popcnt pse rdrnd rdtscp sse2 sse3 sse4.1 sse4.2 ssse3 tdt x2apic
    SIMD instructions most likely to fit this hardware: AVX2_256
    SIMD instructions selected at GROMACS compile time: AVX2_256
  GPU info:
    Number of GPUs detected: 1
    #0: NVIDIA GeForce GTX 960, compute cap.: 5.2, ECC:  no, stat: compatible


++++ PLEASE READ AND CITE THE FOLLOWING REFERENCE ++++
M. J. Abraham, T. Murtola, R. Schulz, S. Páll, J. C. Smith, B. Hess, E.
Lindahl
GROMACS: High performance molecular simulations through multi-level
parallelism from laptops to supercomputers
SoftwareX 1 (2015) pp. 19-25
-------- -------- --- Thank You --- -------- --------


++++ PLEASE READ AND CITE THE FOLLOWING REFERENCE ++++
S. Páll, M. J. Abraham, C. Kutzner, B. Hess, E. Lindahl
Tackling Exascale Software Challenges in Molecular Dynamics Simulations with
GROMACS
In S. Markidis & E. Laure (Eds.), Solving Software Challenges for Exascale 8759 (2015) pp. 3-27
-------- -------- --- Thank You --- -------- --------


++++ PLEASE READ AND CITE THE FOLLOWING REFERENCE ++++
S. Pronk, S. Páll, R. Schulz, P. Larsson, P. Bjelkmar, R. Apostolov, M. R.
Shirts, J. C. Smith, P. M. Kasson, D. van der Spoel, B. Hess, and E. Lindahl
GROMACS 4.5: a high-throughput and highly parallel open source molecular
simulation toolkit
Bioinformatics 29 (2013) pp. 845-54
-------- -------- --- Thank You --- -------- --------


++++ PLEASE READ AND CITE THE FOLLOWING REFERENCE ++++
B. Hess and C. Kutzner and D. van der Spoel and E. Lindahl
GROMACS 4: Algorithms for highly efficient, load-balanced, and scalable
molecular simulation
J. Chem. Theory Comput. 4 (2008) pp. 435-447
-------- -------- --- Thank You --- -------- --------


++++ PLEASE READ AND CITE THE FOLLOWING REFERENCE ++++
D. van der Spoel, E. Lindahl, B. Hess, G. Groenhof, A. E. Mark and H. J. C.
Berendsen
GROMACS: Fast, Flexible and Free
J. Comp. Chem. 26 (2005) pp. 1701-1719
-------- -------- --- Thank You --- -------- --------


++++ PLEASE READ AND CITE THE FOLLOWING REFERENCE ++++
E. Lindahl and B. Hess and D. van der Spoel
GROMACS 3.0: A package for molecular simulation and trajectory analysis
J. Mol. Mod. 7 (2001) pp. 306-317
-------- -------- --- Thank You --- -------- --------


++++ PLEASE READ AND CITE THE FOLLOWING REFERENCE ++++
H. J. C. Berendsen, D. van der Spoel and R. van Drunen
GROMACS: A message-passing parallel molecular dynamics implementation
Comp. Phys. Comm. 91 (1995) pp. 43-56
-------- -------- --- Thank You --- -------- --------

Changing nstlist from 20 to 40, rlist from 1.127 to 1.201

Input Parameters:
   integrator                     = sd
   tinit                          = 0
   dt                             = 0.01
   nsteps                         = 10000
   init-step                      = 0
   simulation-part                = 1
   comm-mode                      = Linear
   nstcomm                        = 100
   bd-fric                        = 0
   ld-seed                        = 25016169
   emtol                          = 10
   emstep                         = 0.01
   niter                          = 20
   fcstep                         = 0
   nstcgsteep                     = 1000
   nbfgscorr                      = 10
   rtpi                           = 0.05
   nstxout                        = 0
   nstvout                        = 0
   nstfout                        = 0
   nstlog                         = 1000
   nstcalcenergy                  = 100
   nstenergy                      = 100
   nstxout-compressed             = 1000
   compressed-x-precision         = 100
   cutoff-scheme                  = Verlet
   nstlist                        = 40
   ns-type                        = Grid
   pbc                            = xyz
   periodic-molecules             = FALSE
   verlet-buffer-tolerance        = 0.005
   rlist                          = 1.201
   rlistlong                      = 1.201
   nstcalclr                      = 20
   coulombtype                    = Reaction-Field
   coulomb-modifier               = Potential-shift
   rcoulomb-switch                = 0
   rcoulomb                       = 1.1
   epsilon-r                      = 15
   epsilon-rf                     = inf
   vdw-type                       = Cut-off
   vdw-modifier                   = Potential-shift
   rvdw-switch                    = 0
   rvdw                           = 1.1
   DispCorr                       = No
   table-extension                = 1
   fourierspacing                 = 0.12
   fourier-nx                     = 0
   fourier-ny                     = 0
   fourier-nz                     = 0
   pme-order                      = 4
   ewald-rtol                     = 1e-05
   ewald-rtol-lj                  = 0.001
   lj-pme-comb-rule               = Geometric
   ewald-geometry                 = 0
   epsilon-surface                = 0
   implicit-solvent               = No
   gb-algorithm                   = Still
   nstgbradii                     = 1
   rgbradii                       = 1
   gb-epsilon-solvent             = 80
   gb-saltconc                    = 0
   gb-obc-alpha                   = 1
   gb-obc-beta                    = 0.8
   gb-obc-gamma                   = 4.85
   gb-dielectric-offset           = 0.009
   sa-algorithm                   = Ace-approximation
   sa-surface-tension             = 2.05016
   tcoupl                         = No
   nsttcouple                     = -1
   nh-chain-length                = 0
   print-nose-hoover-chain-variables = FALSE
   pcoupl                         = Berendsen
   pcoupltype                     = Semiisotropic
   nstpcouple                     = 20
   tau-p                          = 12
   compressibility (3x3):
      compressibility[    0]={ 0.00000e+00,  0.00000e+00,  0.00000e+00}
      compressibility[    1]={ 0.00000e+00,  0.00000e+00,  0.00000e+00}
      compressibility[    2]={ 0.00000e+00,  0.00000e+00,  3.00000e-04}
   ref-p (3x3):
      ref-p[    0]={ 0.00000e+00,  0.00000e+00,  0.00000e+00}
      ref-p[    1]={ 0.00000e+00,  0.00000e+00,  0.00000e+00}
      ref-p[    2]={ 0.00000e+00,  0.00000e+00,  1.00000e+00}
   refcoord-scaling               = No
   posres-com (3):
      posres-com[0]= 0.00000e+00
      posres-com[1]= 0.00000e+00
      posres-com[2]= 0.00000e+00
   posres-comB (3):
      posres-comB[0]= 0.00000e+00
      posres-comB[1]= 0.00000e+00
      posres-comB[2]= 0.00000e+00
   QMMM                           = FALSE
   QMconstraints                  = 0
   QMMMscheme                     = 0
   MMChargeScaleFactor            = 1
qm-opts:
   ngQM                           = 0
   constraint-algorithm           = Lincs
   continuation                   = FALSE
   Shake-SOR                      = FALSE
   shake-tol                      = 0.0001
   lincs-order                    = 4
   lincs-iter                     = 1
   lincs-warnangle                = 30
   nwall                          = 0
   wall-type                      = 9-3
   wall-r-linpot                  = -1
   wall-atomtype[0]               = -1
   wall-atomtype[1]               = -1
   wall-density[0]                = 0
   wall-density[1]                = 0
   wall-ewald-zfac                = 3
   pull                           = TRUE
   pull-cylinder-r                = 1.5
   pull-constr-tol                = 1e-06
   pull-print-COM1                = FALSE
   pull-print-COM2                = FALSE
   pull-print-ref-value           = FALSE
   pull-print-components          = FALSE
   pull-nstxout                   = 100
   pull-nstfout                   = 100
   pull-ngroups                   = 3
   pull-group 0:
     atom: not available
     weight: not available
     pbcatom                        = -1
   pull-group 1:
     atom (1280):
        atom[0,...,1279] = {1280,...,2559}
     weight: not available
     pbcatom                        = 1919
   pull-group 2:
     atom (1):
        atom[0]=2560
     weight: not available
     pbcatom                        = -1
   pull-ncoords                   = 1
   pull-coord 0:
   group[0]                       = 1
   group[1]                       = 2
   type                           = umbrella
   geometry                       = distance
   dim (3):
      dim[0]=0
      dim[1]=0
      dim[2]=1
   origin (3):
      origin[0]= 0.00000e+00
      origin[1]= 0.00000e+00
      origin[2]= 0.00000e+00
   vec (3):
      vec[0]= 0.00000e+00
      vec[1]= 0.00000e+00
      vec[2]= 0.00000e+00
   start                          = FALSE
   init                           = 2.8
   rate                           = 0
   k                              = 1000
   kB                             = 1000
   rotation                       = FALSE
   interactiveMD                  = FALSE
   disre                          = No
   disre-weighting                = Conservative
   disre-mixed                    = FALSE
   dr-fc                          = 1000
   dr-tau                         = 0
   nstdisreout                    = 100
   orire-fc                       = 0
   orire-tau                      = 0
   nstorireout                    = 100
   free-energy                    = no
   cos-acceleration               = 0
   deform (3x3):
      deform[    0]={ 0.00000e+00,  0.00000e+00,  0.00000e+00}
      deform[    1]={ 0.00000e+00,  0.00000e+00,  0.00000e+00}
      deform[    2]={ 0.00000e+00,  0.00000e+00,  0.00000e+00}
   simulated-tempering            = FALSE
   E-x:
      n = 0
   E-xt:
      n = 0
   E-y:
      n = 0
   E-yt:
      n = 0
   E-z:
      n = 0
   E-zt:
      n = 0
   swapcoords                     = no
   adress                         = FALSE
   userint1                       = 0
   userint2                       = 0
   userint3                       = 0
   userint4                       = 0
   userreal1                      = 0
   userreal2                      = 0
   userreal3                      = 0
   userreal4                      = 0
grpopts:
   nrdf:        7680
   ref-t:         300
   tau-t:           2
annealing:          No
annealing-npoints:           0
   acc:	           0           0           0
   nfreeze:           N           N           N
   energygrp-flags[  0]: 0 0 0
   energygrp-flags[  1]: 0 0 0
   energygrp-flags[  2]: 0 0 0

Using 1 MPI thread
Using 1 OpenMP thread 

1 compatible GPU is present, with ID 0
1 GPU auto-selected for this run.
Mapping of GPU ID to the 1 PP rank in this node: 0

Cut-off's:   NS: 1.201   Coulomb: 1.1   LJ: 1.1
Reaction-Field:
epsRF = 0, rc = 1.1, krf = 0.375657, crf = 1.36364, epsfac = 9.26236
The electrostatics potential has its minimum at r = 1.1
System total charge: 0.000
Potential shift: LJ r^-12: -3.186e-01 r^-6: -5.645e-01

Using GPU 8x8 non-bonded kernels


NOTE: With GPUs, reporting energy group contributions is not supported

Removing pbc first time

Will apply potential COM pulling
with 1 pull coordinate and 3 groups
Pull group 1:  1280 atoms, mass 92160.000
Pull group 2:     1 atoms, mass    72.000
Center of mass motion removal mode is Linear
We have the following groups for center of mass motion removal:
  0:  rest

++++ PLEASE READ AND CITE THE FOLLOWING REFERENCE ++++
N. Goga and A. J. Rzepiela and A. H. de Vries and S. J. Marrink and H. J. C.
Berendsen
Efficient Algorithms for Langevin and DPD Dynamics
J. Chem. Theory Comput. 8 (2012) pp. 3637--3649
-------- -------- --- Thank You --- -------- --------

There are: 2561 Atoms
Initial temperature: 0 K

Started mdrun on rank 0 Mon Oct 16 17:28:38 2017
           Step           Time         Lambda
              0        0.00000        0.00000

   Energies (kJ/mol)
           Bond       G96Angle        LJ (SR)   Coulomb (SR)   COM Pull En.
    4.63820e+02    6.87114e+02   -6.43493e+04    0.00000e+00    4.94195e-04
      Potential    Kinetic En.   Total Energy    Temperature Pressure (bar)
   -6.31984e+04    4.65319e+01   -6.31518e+04    1.45742e+00   -5.46335e+02

           Step           Time         Lambda
           1000       10.00000        0.00000

   Energies (kJ/mol)
           Bond       G96Angle        LJ (SR)   Coulomb (SR)   COM Pull En.
    1.39020e+03    7.18939e+02   -5.35405e+04    0.00000e+00    1.36102e-01
      Potential    Kinetic En.   Total Energy    Temperature Pressure (bar)
   -5.14312e+04    9.41897e+03   -4.20122e+04    2.95011e+02    2.06746e+01

           Step           Time         Lambda
           2000       20.00000        0.00000

   Energies (kJ/mol)
           Bond       G96Angle        LJ (SR)   Coulomb (SR)   COM Pull En.
    1.57037e+03    8.57734e+02   -5.29077e+04    0.00000e+00    2.84486e+00
      Potential    Kinetic En.   Total Energy    Temperature Pressure (bar)
   -5.04767e+04    9.65528e+03   -4.08215e+04    3.02412e+02    1.95873e+01

           Step           Time         Lambda
           3000       30.00000        0.00000

   Energies (kJ/mol)
           Bond       G96Angle        LJ (SR)   Coulomb (SR)   COM Pull En.
    1.61038e+03    8.14339e+02   -5.30238e+04    0.00000e+00    1.49089e+00
      Potential    Kinetic En.   Total Energy    Temperature Pressure (bar)
   -5.05975e+04    9.39143e+03   -4.12061e+04    2.94148e+02   -4.50702e+01

           Step           Time         Lambda
           4000       40.00000        0.00000

   Energies (kJ/mol)
           Bond       G96Angle        LJ (SR)   Coulomb (SR)   COM Pull En.
    1.32188e+03    7.74918e+02   -5.29943e+04    0.00000e+00    8.42748e-01
      Potential    Kinetic En.   Total Energy    Temperature Pressure (bar)
   -5.08967e+04    9.70582e+03   -4.11908e+04    3.03995e+02   -6.26748e+01

           Step           Time         Lambda
           5000       50.00000        0.00000

   Energies (kJ/mol)
           Bond       G96Angle        LJ (SR)   Coulomb (SR)   COM Pull En.
    1.58759e+03    7.48756e+02   -5.31637e+04    0.00000e+00    1.18193e-01
      Potential    Kinetic En.   Total Energy    Temperature Pressure (bar)
   -5.08272e+04    9.80099e+03   -4.10262e+04    3.06976e+02   -1.04769e+02

           Step           Time         Lambda
           6000       60.00000        0.00000

   Energies (kJ/mol)
           Bond       G96Angle        LJ (SR)   Coulomb (SR)   COM Pull En.
    1.34254e+03    8.15718e+02   -5.31742e+04    0.00000e+00    3.01758e+00
      Potential    Kinetic En.   Total Energy    Temperature Pressure (bar)
   -5.10129e+04    9.72357e+03   -4.12893e+04    3.04551e+02   -1.30223e+02

           Step           Time         Lambda
           7000       70.00000        0.00000

   Energies (kJ/mol)
           Bond       G96Angle        LJ (SR)   Coulomb (SR)   COM Pull En.
    1.45746e+03    7.55996e+02   -5.28820e+04    0.00000e+00    3.34515e-02
      Potential    Kinetic En.   Total Energy    Temperature Pressure (bar)
   -5.06685e+04    9.67167e+03   -4.09968e+04    3.02926e+02   -5.40347e+01

           Step           Time         Lambda
           8000       80.00000        0.00000

   Energies (kJ/mol)
           Bond       G96Angle        LJ (SR)   Coulomb (SR)   COM Pull En.
    1.52266e+03    7.66648e+02   -5.27619e+04    0.00000e+00    4.47337e+00
      Potential    Kinetic En.   Total Energy    Temperature Pressure (bar)
   -5.04681e+04    9.64189e+03   -4.08262e+04    3.01993e+02   -6.51259e+01

           Step           Time         Lambda
           9000       90.00000        0.00000

   Energies (kJ/mol)
           Bond       G96Angle        LJ (SR)   Coulomb (SR)   COM Pull En.
    1.54452e+03    8.29058e+02   -5.28115e+04    0.00000e+00    1.09088e+00
      Potential    Kinetic En.   Total Energy    Temperature Pressure (bar)
   -5.04368e+04    9.50265e+03   -4.09342e+04    2.97632e+02   -5.12425e+01

           Step           Time         Lambda
          10000      100.00000        0.00000

Writing checkpoint, step 10000 at Mon Oct 16 17:28:40 2017


   Energies (kJ/mol)
           Bond       G96Angle        LJ (SR)   Coulomb (SR)   COM Pull En.
    1.57142e+03    7.75339e+02   -5.29113e+04    0.00000e+00    1.77248e+00
      Potential    Kinetic En.   Total Energy    Temperature Pressure (bar)
   -5.05628e+04    9.57189e+03   -4.09909e+04    2.99801e+02   -1.24071e+02

	<======  ###############  ==>
	<====  A V E R A G E S  ====>
	<==  ###############  ======>

	Statistics over 10001 steps using 101 frames

   Energies (kJ/mol)
           Bond       G96Angle        LJ (SR)   Coulomb (SR)   COM Pull En.
    1.45957e+03    7.93621e+02   -5.33440e+04    0.00000e+00    1.44843e+00
      Potential    Kinetic En.   Total Energy    Temperature Pressure (bar)
   -5.10894e+04    9.33375e+03   -4.17557e+04    2.92342e+02   -6.44933e+01

          Box-X          Box-Y          Box-Z
    6.00000e+00    6.00000e+00    8.51677e+00

   Total Virial (kJ/mol)
    3.95856e+03   -6.76631e+01   -5.72676e+01
   -6.76630e+01    3.98126e+03    2.50114e+01
   -5.72675e+01    2.50115e+01    3.18063e+03

   Pressure (bar)
   -9.15948e+01    6.31497e+00    6.01079e+00
    6.31496e+00   -9.41825e+01   -3.27861e+00
    6.01079e+00   -3.27863e+00   -7.70270e+00

  Epot (kJ/mol)        Coul-SR          LJ-SR   
            B-B    0.00000e+00   -5.33440e+04
            B-W    0.00000e+00    0.00000e+00
           B-HD    0.00000e+00    0.00000e+00
            W-W    0.00000e+00    0.00000e+00
           W-HD    0.00000e+00    0.00000e+00
          HD-HD    0.00000e+00    0.00000e+00


	M E G A - F L O P S   A C C O U N T I N G

 NB=Group-cutoff nonbonded kernels    NxN=N-by-N cluster Verlet kernels
 RF=Reaction-Field  VdW=Van der Waals  QSTab=quadratic-spline table
 W3=SPC/TIP3p  W4=TIP4p (single or pairs)
 V&F=Potential and force  V=Potential only  F=Force only

 Computing:                               M-Number         M-Flops  % Flops
-----------------------------------------------------------------------------
 Pair Search distance check              33.295904         299.663     0.1
 NxN RF Elec. + LJ [F]                 5643.603776      214456.943    97.7
 NxN RF Elec. + LJ [V&F]                 57.558080        3108.136     1.4
 Shift-X                                  0.642811           3.857     0.0
 Bonds                                    9.600960         566.457     0.3
 Angles                                   6.400640        1075.308     0.5
 Virial                                   1.305606          23.501     0.0
 Stop-CM                                  0.261222           2.612     0.0
 P-Coupling                               1.280500           7.683     0.0
 Calc-Ekin                                2.566122          69.285     0.0
-----------------------------------------------------------------------------
 Total                                                  219613.445   100.0
-----------------------------------------------------------------------------


     R E A L   C Y C L E   A N D   T I M E   A C C O U N T I N G

On 1 MPI rank

 Computing:          Num   Num      Call    Wall time         Giga-Cycles
                     Ranks Threads  Count      (s)         total sum    %
-----------------------------------------------------------------------------
 Neighbor search        1    1        251       0.128          0.449   5.5
 Launch GPU ops.        1    1      10001       0.234          0.819  10.1
 Force                  1    1      10001       0.601          2.103  25.9
 Wait GPU local         1    1      10001       0.083          0.292   3.6
 NB X/F buffer ops.     1    1      19751       0.087          0.303   3.7
 COM pull force         1    1      10001       0.211          0.740   9.1
 Write traj.            1    1         11       0.016          0.056   0.7
 Update                 1    1      10001       0.899          3.150  38.8
 Rest                                           0.060          0.212   2.6
-----------------------------------------------------------------------------
 Total                                          2.320          8.125 100.0
-----------------------------------------------------------------------------

 GPU timings
-----------------------------------------------------------------------------
 Computing:                         Count  Wall t (s)      ms/step       %
-----------------------------------------------------------------------------
 Pair list H2D                        251       0.005        0.022     0.7
 X / q H2D                          10001       0.077        0.008    10.3
 Nonbonded F kernel                  9700       0.546        0.056    73.0
 Nonbonded F+ene k.                    50       0.004        0.071     0.5
 Nonbonded F+prune k.                 200       0.014        0.070     1.9
 Nonbonded F+ene+prune k.              51       0.004        0.072     0.5
 F D2H                              10001       0.098        0.010    13.0
-----------------------------------------------------------------------------
 Total                                          0.748        0.075   100.0
-----------------------------------------------------------------------------

Force evaluation time GPU/CPU: 0.075 ms/0.060 ms = 1.246

               Core t (s)   Wall t (s)        (%)
       Time:        2.311        2.320       99.6
                 (ns/day)    (hour/ns)
Performance:     3724.510        0.006
Finished mdrun on rank 0 Mon Oct 16 17:28:40 2017
